# JRE version: Java(TM) SE Runtime Environment (7.0_67-b01) (build 1.7.0_67-b01)
# Java VM: Java HotSpot(TM) 64-Bit Server VM (24.65-b04 mixed mode windows-amd64 compressed oops)
Heap
 PSYoungGen      total 24064K, used 2996K [0x00000007d5c80000, 0x00000007d7500000, 0x0000000800000000)
  eden space 23552K, 11% used [0x00000007d5c80000,0x00000007d5f2d180,0x00000007d7380000)
  from space 512K, 50% used [0x00000007d7480000,0x00000007d74c0000,0x00000007d7500000)
  to   space 512K, 0% used [0x00000007d7400000,0x00000007d7400000,0x00000007d7480000)
 ParOldGen       total 40448K, used 27563K [0x0000000781600000, 0x0000000783d80000, 0x00000007d5c80000)
  object space 40448K, 68% used [0x0000000781600000,0x00000007830eacd0,0x0000000783d80000)
 PSPermGen       total 83968K, used 43358K [0x000000077c400000, 0x0000000781600000, 0x0000000781600000)
  object space 83968K, 51% used [0x000000077c400000,0x000000077ee57b40,0x0000000781600000)
GC Heap History (10 events):
Event: 837.103 GC heap before
{Heap before GC invocations=358 (full 2):
 PSYoungGen      total 24064K, used 23680K [0x00000007d5c80000, 0x00000007d7500000, 0x0000000800000000)
  eden space 23552K, 100% used [0x00000007d5c80000,0x00000007d7380000,0x00000007d7380000)
  from space 512K, 25% used [0x00000007d7400000,0x00000007d7420000,0x00000007d7480000)
  to   space 512K, 0% used [0x00000007d7480000,0x00000007d7480000,0x00000007d7500000)
 ParOldGen       total 40448K, used 27283K [0x0000000781600000, 0x0000000783d80000, 0x00000007d5c80000)
  object space 40448K, 67% used [0x0000000781600000,0x00000007830a4cd0,0x0000000783d80000)
 PSPermGen       total 83968K, used 43358K [0x000000077c400000, 0x0000000781600000, 0x0000000781600000)
  object space 83968K, 51% used [0x000000077c400000,0x000000077ee57b40,0x0000000781600000)
Event: 837.110 GC heap after
Heap after GC invocations=358 (full 2):
 PSYoungGen      total 24064K, used 288K [0x00000007d5c80000, 0x00000007d7500000, 0x0000000800000000)
  eden space 23552K, 0% used [0x00000007d5c80000,0x00000007d5c80000,0x00000007d7380000)
  from space 512K, 56% used [0x00000007d7480000,0x00000007d74c8000,0x00000007d7500000)
  to   space 512K, 0% used [0x00000007d7400000,0x00000007d7400000,0x00000007d7480000)
 ParOldGen       total 40448K, used 27347K [0x0000000781600000, 0x0000000783d80000, 0x00000007d5c80000)
  object space 40448K, 67% used [0x0000000781600000,0x00000007830b4cd0,0x0000000783d80000)
 PSPermGen       total 83968K, used 43358K [0x000000077c400000, 0x0000000781600000, 0x0000000781600000)
  object space 83968K, 51% used [0x000000077c400000,0x000000077ee57b40,0x0000000781600000)
}
Event: 838.331 GC heap before
{Heap before GC invocations=359 (full 2):
 PSYoungGen      total 24064K, used 23840K [0x00000007d5c80000, 0x00000007d7500000, 0x0000000800000000)
  eden space 23552K, 100% used [0x00000007d5c80000,0x00000007d7380000,0x00000007d7380000)
  from space 512K, 56% used [0x00000007d7480000,0x00000007d74c8000,0x00000007d7500000)
  to   space 512K, 0% used [0x00000007d7400000,0x00000007d7400000,0x00000007d7480000)
 ParOldGen       total 40448K, used 27347K [0x0000000781600000, 0x0000000783d80000, 0x00000007d5c80000)
  object space 40448K, 67% used [0x0000000781600000,0x00000007830b4cd0,0x0000000783d80000)
 PSPermGen       total 83968K, used 43358K [0x000000077c400000, 0x0000000781600000, 0x0000000781600000)
  object space 83968K, 51% used [0x000000077c400000,0x000000077ee57b40,0x0000000781600000)
Event: 838.340 GC heap after
Heap after GC invocations=359 (full 2):
 PSYoungGen      total 24064K, used 160K [0x00000007d5c80000, 0x00000007d7500000, 0x0000000800000000)
  eden space 23552K, 0% used [0x00000007d5c80000,0x00000007d5c80000,0x00000007d7380000)
  from space 512K, 31% used [0x00000007d7400000,0x00000007d7428000,0x00000007d7480000)
  to   space 512K, 0% used [0x00000007d7480000,0x00000007d7480000,0x00000007d7500000)
 ParOldGen       total 40448K, used 27419K [0x0000000781600000, 0x0000000783d80000, 0x00000007d5c80000)
  object space 40448K, 67% used [0x0000000781600000,0x00000007830c6cd0,0x0000000783d80000)
 PSPermGen       total 83968K, used 43358K [0x000000077c400000, 0x0000000781600000, 0x0000000781600000)
  object space 83968K, 51% used [0x000000077c400000,0x000000077ee57b40,0x0000000781600000)
}
Event: 839.851 GC heap before
{Heap before GC invocations=360 (full 2):
 PSYoungGen      total 24064K, used 23712K [0x00000007d5c80000, 0x00000007d7500000, 0x0000000800000000)
  eden space 23552K, 100% used [0x00000007d5c80000,0x00000007d7380000,0x00000007d7380000)
  from space 512K, 31% used [0x00000007d7400000,0x00000007d7428000,0x00000007d7480000)
  to   space 512K, 0% used [0x00000007d7480000,0x00000007d7480000,0x00000007d7500000)
 ParOldGen       total 40448K, used 27419K [0x0000000781600000, 0x0000000783d80000, 0x00000007d5c80000)
  object space 40448K, 67% used [0x0000000781600000,0x00000007830c6cd0,0x0000000783d80000)
 PSPermGen       total 83968K, used 43358K [0x000000077c400000, 0x0000000781600000, 0x0000000781600000)
  object space 83968K, 51% used [0x000000077c400000,0x000000077ee57b40,0x0000000781600000)
Event: 839.864 GC heap after
Heap after GC invocations=360 (full 2):
 PSYoungGen      total 24064K, used 224K [0x00000007d5c80000, 0x00000007d7500000, 0x0000000800000000)
  eden space 23552K, 0% used [0x00000007d5c80000,0x00000007d5c80000,0x00000007d7380000)
  from space 512K, 43% used [0x00000007d7480000,0x00000007d74b8000,0x00000007d7500000)
  to   space 512K, 0% used [0x00000007d7400000,0x00000007d7400000,0x00000007d7480000)
 ParOldGen       total 40448K, used 27475K [0x0000000781600000, 0x0000000783d80000, 0x00000007d5c80000)
  object space 40448K, 67% used [0x0000000781600000,0x00000007830d4cd0,0x0000000783d80000)
 PSPermGen       total 83968K, used 43358K [0x000000077c400000, 0x0000000781600000, 0x0000000781600000)
  object space 83968K, 51% used [0x000000077c400000,0x000000077ee57b40,0x0000000781600000)
}
Event: 841.430 GC heap before
{Heap before GC invocations=361 (full 2):
 PSYoungGen      total 24064K, used 23776K [0x00000007d5c80000, 0x00000007d7500000, 0x0000000800000000)
  eden space 23552K, 100% used [0x00000007d5c80000,0x00000007d7380000,0x00000007d7380000)
  from space 512K, 43% used [0x00000007d7480000,0x00000007d74b8000,0x00000007d7500000)
  to   space 512K, 0% used [0x00000007d7400000,0x00000007d7400000,0x00000007d7480000)
 ParOldGen       total 40448K, used 27475K [0x0000000781600000, 0x0000000783d80000, 0x00000007d5c80000)
  object space 40448K, 67% used [0x0000000781600000,0x00000007830d4cd0,0x0000000783d80000)
 PSPermGen       total 83968K, used 43358K [0x000000077c400000, 0x0000000781600000, 0x0000000781600000)
  object space 83968K, 51% used [0x000000077c400000,0x000000077ee57b40,0x0000000781600000)
Event: 841.437 GC heap after
Heap after GC invocations=361 (full 2):
 PSYoungGen      total 24064K, used 128K [0x00000007d5c80000, 0x00000007d7500000, 0x0000000800000000)
  eden space 23552K, 0% used [0x00000007d5c80000,0x00000007d5c80000,0x00000007d7380000)
  from space 512K, 25% used [0x00000007d7400000,0x00000007d7420000,0x00000007d7480000)
  to   space 512K, 0% used [0x00000007d7480000,0x00000007d7480000,0x00000007d7500000)
 ParOldGen       total 40448K, used 27515K [0x0000000781600000, 0x0000000783d80000, 0x00000007d5c80000)
  object space 40448K, 68% used [0x0000000781600000,0x00000007830decd0,0x0000000783d80000)
 PSPermGen       total 83968K, used 43358K [0x000000077c400000, 0x0000000781600000, 0x0000000781600000)
  object space 83968K, 51% used [0x000000077c400000,0x000000077ee57b40,0x0000000781600000)
}
Event: 843.084 GC heap before
{Heap before GC invocations=362 (full 2):
 PSYoungGen      total 24064K, used 23680K [0x00000007d5c80000, 0x00000007d7500000, 0x0000000800000000)
  eden space 23552K, 100% used [0x00000007d5c80000,0x00000007d7380000,0x00000007d7380000)
  from space 512K, 25% used [0x00000007d7400000,0x00000007d7420000,0x00000007d7480000)
  to   space 512K, 0% used [0x00000007d7480000,0x00000007d7480000,0x00000007d7500000)
 ParOldGen       total 40448K, used 27515K [0x0000000781600000, 0x0000000783d80000, 0x00000007d5c80000)
  object space 40448K, 68% used [0x0000000781600000,0x00000007830decd0,0x0000000783d80000)
 PSPermGen       total 83968K, used 43358K [0x000000077c400000, 0x0000000781600000, 0x0000000781600000)
  object space 83968K, 51% used [0x000000077c400000,0x000000077ee57b40,0x0000000781600000)
Event: 843.089 GC heap after
Heap after GC invocations=362 (full 2):
 PSYoungGen      total 24064K, used 256K [0x00000007d5c80000, 0x00000007d7500000, 0x0000000800000000)
  eden space 23552K, 0% used [0x00000007d5c80000,0x00000007d5c80000,0x00000007d7380000)
  from space 512K, 50% used [0x00000007d7480000,0x00000007d74c0000,0x00000007d7500000)
  to   space 512K, 0% used [0x00000007d7400000,0x00000007d7400000,0x00000007d7480000)
 ParOldGen       total 40448K, used 27563K [0x0000000781600000, 0x0000000783d80000, 0x00000007d5c80000)
  object space 40448K, 68% used [0x0000000781600000,0x00000007830eacd0,0x0000000783d80000)
 PSPermGen       total 83968K, used 43358K [0x000000077c400000, 0x0000000781600000, 0x0000000781600000)
  object space 83968K, 51% used [0x000000077c400000,0x000000077ee57b40,0x0000000781600000)
}

